<?xml version="1.0" encoding="UTF-8"?>
<testsuite name="se.callista.microservises.support.ConfigServerApplicationTests" tests="1" skipped="0" failures="0" errors="0" timestamp="2018-11-03T09:24:52" hostname="spacy-server" time="0.003">
  <properties/>
  <testcase name="contextLoads" classname="se.callista.microservises.support.ConfigServerApplicationTests" time="0.003"/>
  <system-out><![CDATA[10:24:47.358 [Test worker] DEBUG org.springframework.test.context.junit4.SpringJUnit4ClassRunner - SpringJUnit4ClassRunner constructor called with [class se.callista.microservises.support.ConfigServerApplicationTests]
10:24:47.362 [Test worker] DEBUG org.springframework.test.context.BootstrapUtils - Instantiating CacheAwareContextLoaderDelegate from class [org.springframework.test.context.cache.DefaultCacheAwareContextLoaderDelegate]
10:24:47.366 [Test worker] DEBUG org.springframework.test.context.BootstrapUtils - Instantiating BootstrapContext using constructor [public org.springframework.test.context.support.DefaultBootstrapContext(java.lang.Class,org.springframework.test.context.CacheAwareContextLoaderDelegate)]
10:24:47.373 [Test worker] DEBUG org.springframework.test.context.BootstrapUtils - Instantiating TestContextBootstrapper for test class [se.callista.microservises.support.ConfigServerApplicationTests] from class [org.springframework.test.context.support.DefaultTestContextBootstrapper]
10:24:47.389 [Test worker] DEBUG org.springframework.test.context.support.DefaultTestContextBootstrapper - Found explicit ContextLoader class [org.springframework.boot.test.SpringApplicationContextLoader] for context configuration attributes [ContextConfigurationAttributes@847067a declaringClass = 'se.callista.microservises.support.ConfigServerApplicationTests', classes = '{class se.callista.microservises.support.ConfigServerApplication}', locations = '{}', inheritLocations = true, initializers = '{}', inheritInitializers = true, name = [null], contextLoaderClass = 'org.springframework.boot.test.SpringApplicationContextLoader']
10:24:47.395 [Test worker] DEBUG org.springframework.test.context.support.AbstractContextLoader - Did not detect default resource location for test class [se.callista.microservises.support.ConfigServerApplicationTests]: class path resource [se/callista/microservises/support/ConfigServerApplicationTests-context.xml] does not exist
10:24:47.395 [Test worker] DEBUG org.springframework.test.context.support.AbstractContextLoader - Did not detect default resource location for test class [se.callista.microservises.support.ConfigServerApplicationTests]: class path resource [se/callista/microservises/support/ConfigServerApplicationTestsContext.groovy] does not exist
10:24:47.396 [Test worker] INFO org.springframework.test.context.support.AbstractContextLoader - Could not detect default resource locations for test class [se.callista.microservises.support.ConfigServerApplicationTests]: no resource found for suffixes {-context.xml, Context.groovy}.
10:24:47.397 [Test worker] DEBUG org.springframework.test.context.support.ActiveProfilesUtils - Could not find an 'annotation declaring class' for annotation type [org.springframework.test.context.ActiveProfiles] and class [se.callista.microservises.support.ConfigServerApplicationTests]
10:24:47.408 [Test worker] INFO org.springframework.test.context.support.DefaultTestContextBootstrapper - Using TestExecutionListeners: [org.springframework.boot.test.IntegrationTestPropertiesListener@59285342, org.springframework.test.context.support.DirtiesContextBeforeModesTestExecutionListener@64044b81, org.springframework.test.context.support.DependencyInjectionTestExecutionListener@14cc8c9b, org.springframework.test.context.support.DirtiesContextTestExecutionListener@6ee07abd, org.springframework.test.context.transaction.TransactionalTestExecutionListener@75499660, org.springframework.test.context.jdbc.SqlScriptsTestExecutionListener@3357930b]
10:24:47.410 [Test worker] DEBUG org.springframework.test.annotation.ProfileValueUtils - Retrieved @ProfileValueSourceConfiguration [null] for test class [se.callista.microservises.support.ConfigServerApplicationTests]
10:24:47.411 [Test worker] DEBUG org.springframework.test.annotation.ProfileValueUtils - Retrieved ProfileValueSource type [class org.springframework.test.annotation.SystemProfileValueSource] for class [se.callista.microservises.support.ConfigServerApplicationTests]
10:24:47.412 [Test worker] DEBUG org.springframework.test.annotation.ProfileValueUtils - Retrieved @ProfileValueSourceConfiguration [null] for test class [se.callista.microservises.support.ConfigServerApplicationTests]
10:24:47.412 [Test worker] DEBUG org.springframework.test.annotation.ProfileValueUtils - Retrieved ProfileValueSource type [class org.springframework.test.annotation.SystemProfileValueSource] for class [se.callista.microservises.support.ConfigServerApplicationTests]
10:24:47.414 [Test worker] DEBUG org.springframework.test.context.support.AbstractDirtiesContextTestExecutionListener - Before test class: context [DefaultTestContext@196b22c testClass = ConfigServerApplicationTests, testInstance = [null], testMethod = [null], testException = [null], mergedContextConfiguration = [MergedContextConfiguration@6d17106 testClass = ConfigServerApplicationTests, locations = '{}', classes = '{class se.callista.microservises.support.ConfigServerApplication}', contextInitializerClasses = '[]', activeProfiles = '{}', propertySourceLocations = '{}', propertySourceProperties = '{}', contextLoader = 'org.springframework.boot.test.SpringApplicationContextLoader', parent = [null]]], class annotated with @DirtiesContext [false] with mode [null].
10:24:47.415 [Test worker] DEBUG org.springframework.test.annotation.ProfileValueUtils - Retrieved @ProfileValueSourceConfiguration [null] for test class [se.callista.microservises.support.ConfigServerApplicationTests]
10:24:47.415 [Test worker] DEBUG org.springframework.test.annotation.ProfileValueUtils - Retrieved ProfileValueSource type [class org.springframework.test.annotation.SystemProfileValueSource] for class [se.callista.microservises.support.ConfigServerApplicationTests]
10:24:47.417 [Test worker] DEBUG org.springframework.test.util.ReflectionTestUtils - Getting field 'mergedContextConfiguration' from target object [[DefaultTestContext@196b22c testClass = ConfigServerApplicationTests, testInstance = se.callista.microservises.support.ConfigServerApplicationTests@5fd0a591, testMethod = [null], testException = [null], mergedContextConfiguration = [MergedContextConfiguration@6d17106 testClass = ConfigServerApplicationTests, locations = '{}', classes = '{class se.callista.microservises.support.ConfigServerApplication}', contextInitializerClasses = '[]', activeProfiles = '{}', propertySourceLocations = '{}', propertySourceProperties = '{}', contextLoader = 'org.springframework.boot.test.SpringApplicationContextLoader', parent = [null]]]] or target class [class org.springframework.test.context.support.DefaultTestContext]
10:24:47.418 [Test worker] DEBUG org.springframework.test.util.ReflectionTestUtils - Setting field 'propertySourceProperties' of type [null] on target object [[MergedContextConfiguration@6d17106 testClass = ConfigServerApplicationTests, locations = '{}', classes = '{class se.callista.microservises.support.ConfigServerApplication}', contextInitializerClasses = '[]', activeProfiles = '{}', propertySourceLocations = '{}', propertySourceProperties = '{}', contextLoader = 'org.springframework.boot.test.SpringApplicationContextLoader', parent = [null]]] or target class [class org.springframework.test.context.MergedContextConfiguration] to value [[Ljava.lang.String;@2ca3c61]
10:24:47.419 [Test worker] DEBUG org.springframework.test.context.support.DependencyInjectionTestExecutionListener - Performing dependency injection for test context [[DefaultTestContext@196b22c testClass = ConfigServerApplicationTests, testInstance = se.callista.microservises.support.ConfigServerApplicationTests@5fd0a591, testMethod = [null], testException = [null], mergedContextConfiguration = [MergedContextConfiguration@6d17106 testClass = ConfigServerApplicationTests, locations = '{}', classes = '{class se.callista.microservises.support.ConfigServerApplication}', contextInitializerClasses = '[]', activeProfiles = '{}', propertySourceLocations = '{}', propertySourceProperties = '{server.port=0, spring.cloud.bus.enabled=false, spring.cloud.discovery.enabled=false, org.springframework.boot.test.IntegrationTest=true}', contextLoader = 'org.springframework.boot.test.SpringApplicationContextLoader', parent = [null]]]].
10:24:47.480 [Test worker] DEBUG org.springframework.core.env.StandardEnvironment - Adding [systemProperties] PropertySource with lowest search precedence
10:24:47.482 [Test worker] DEBUG org.springframework.core.env.StandardEnvironment - Adding [systemEnvironment] PropertySource with lowest search precedence
10:24:47.482 [Test worker] DEBUG org.springframework.core.env.StandardEnvironment - Initialized StandardEnvironment with PropertySources [systemProperties,systemEnvironment]
10:24:47.483 [Test worker] DEBUG org.springframework.core.env.StandardEnvironment - Adding [integrationTest] PropertySource with search precedence immediately lower than [systemEnvironment]
2018-11-03 10:24:47.798  INFO [config-server,,,] 32691 --- [    Test worker] s.c.a.AnnotationConfigApplicationContext : Refreshing org.springframework.context.annotation.AnnotationConfigApplicationContext@3625915a: startup date [Sat Nov 03 10:24:47 CET 2018]; root of context hierarchy
2018-11-03 10:24:47.988  INFO [config-server,,,] 32691 --- [    Test worker] f.a.AutowiredAnnotationBeanPostProcessor : JSR-330 'javax.inject.Inject' annotation found and supported for autowiring
2018-11-03 10:24:48.003  INFO [config-server,,,] 32691 --- [    Test worker] trationDelegate$BeanPostProcessorChecker : Bean 'configurationPropertiesRebinderAutoConfiguration' of type [class org.springframework.cloud.autoconfigure.ConfigurationPropertiesRebinderAutoConfiguration$$EnhancerBySpringCGLIB$$302804e] is not eligible for getting processed by all BeanPostProcessors (for example: not eligible for auto-proxying)

  .   ____          _            __ _ _
 /\\ / ___'_ __ _ _(_)_ __  __ _ \ \ \ \
( ( )\___ | '_ | '_| | '_ \/ _` | \ \ \ \
 \\/  ___)| |_)| | | | | || (_| |  ) ) ) )
  '  |____| .__|_| |_|_| |_\__, | / / / /
 =========|_|==============|___/=/_/_/_/
 :: Spring Boot ::        (v1.3.6.RELEASE)

2018-11-03 10:24:48.284  INFO [config-server,,,] 32691 --- [    Test worker] s.c.m.s.ConfigServerApplicationTests     : No active profile set, falling back to default profiles: default
2018-11-03 10:24:48.876  WARN [config-server,,,] 32691 --- [    Test worker] o.s.c.a.ConfigurationClassPostProcessor  : Cannot enhance @Configuration bean definition 'refreshScope' since its singleton instance has been created too early. The typical cause is a non-static @Bean method with a BeanDefinitionRegistryPostProcessor return type: Consider declaring such methods as 'static'.
2018-11-03 10:24:51.329  WARN [config-server,,,] 32691 --- [    Test worker] c.n.c.sources.URLConfigurationSource     : No URLs will be polled as dynamic configuration sources.
2018-11-03 10:24:51.337  WARN [config-server,,,] 32691 --- [    Test worker] c.n.c.sources.URLConfigurationSource     : No URLs will be polled as dynamic configuration sources.
2018-11-03 10:24:52.022  INFO [config-server,,,] 32691 --- [    Test worker] s.c.m.s.ConfigServerApplicationTests     : Started ConfigServerApplicationTests in 4.537 seconds (JVM running for 5.232)
]]></system-out>
  <system-err><![CDATA[]]></system-err>
</testsuite>
